<?xml version="1.0" encoding="UTF-8"?>
<testng-results skipped="0" failed="0" ignored="0" total="1" passed="1">
  <reporter-output>
  </reporter-output>
  <suite name="Default suite" duration-ms="28144" started-at="2020-09-14T17:23:04Z" finished-at="2020-09-14T17:23:32Z">
    <groups>
    </groups>
    <test name="Default test" duration-ms="28144" started-at="2020-09-14T17:23:04Z" finished-at="2020-09-14T17:23:32Z">
      <class name="Day10.DataBase">
        <test-method status="PASS" signature="beforeTest()[pri:0, instance:Day10.DataBase@5aebe890]" name="beforeTest" is-config="true" duration-ms="4562" started-at="2020-09-14T17:23:04Z" finished-at="2020-09-14T17:23:08Z">
          <reporter-output>
          </reporter-output>
        </test-method> <!-- beforeTest -->
        <test-method status="PASS" signature="DatabasePara()[pri:0, instance:Day10.DataBase@5aebe890]" name="DatabasePara" duration-ms="19396" started-at="2020-09-14T17:23:08Z" finished-at="2020-09-14T17:23:28Z">
          <reporter-output>
          </reporter-output>
        </test-method> <!-- DatabasePara -->
        <test-method status="PASS" signature="afterTest()[pri:0, instance:Day10.DataBase@5aebe890]" name="afterTest" is-config="true" duration-ms="3980" started-at="2020-09-14T17:23:28Z" finished-at="2020-09-14T17:23:32Z">
          <reporter-output>
          </reporter-output>
        </test-method> <!-- afterTest -->
      </class> <!-- Day10.DataBase -->
    </test> <!-- Default test -->
  </suite> <!-- Default suite -->
</testng-results>
