<?xml version="1.0" encoding="UTF-8"?>
<testng-results skipped="0" failed="0" ignored="0" total="1" passed="1">
  <reporter-output>
  </reporter-output>
  <suite name="Default suite" duration-ms="37739" started-at="2020-09-14T17:47:15Z" finished-at="2020-09-14T17:47:52Z">
    <groups>
    </groups>
    <test name="Default test" duration-ms="37739" started-at="2020-09-14T17:47:15Z" finished-at="2020-09-14T17:47:52Z">
      <class name="Day10.DataBase">
        <test-method status="PASS" signature="beforeTest()[pri:0, instance:Day10.DataBase@5aebe890]" name="beforeTest" is-config="true" duration-ms="4255" started-at="2020-09-14T17:47:15Z" finished-at="2020-09-14T17:47:19Z">
          <reporter-output>
          </reporter-output>
        </test-method> <!-- beforeTest -->
        <test-method status="PASS" signature="DatabasePara()[pri:0, instance:Day10.DataBase@5aebe890]" name="DatabasePara" duration-ms="29497" started-at="2020-09-14T17:47:19Z" finished-at="2020-09-14T17:47:48Z">
          <reporter-output>
          </reporter-output>
        </test-method> <!-- DatabasePara -->
        <test-method status="PASS" signature="afterTest()[pri:0, instance:Day10.DataBase@5aebe890]" name="afterTest" is-config="true" duration-ms="3836" started-at="2020-09-14T17:47:48Z" finished-at="2020-09-14T17:47:52Z">
          <reporter-output>
          </reporter-output>
        </test-method> <!-- afterTest -->
      </class> <!-- Day10.DataBase -->
    </test> <!-- Default test -->
  </suite> <!-- Default suite -->
</testng-results>
